2025-12-14 14:50:59,193 - SchoolApp - INFO - <module>:2602 - Запуск основного приложения
2025-12-14 14:50:59,193 - SchoolApp - INFO - <module>:2602 - Запуск основного приложения
2025-12-14 14:50:59,194 - SchoolApp - DEBUG - <module>:2603 - Создание главного окна Tkinter
2025-12-14 14:50:59,194 - SchoolApp - DEBUG - <module>:2603 - Создание главного окна Tkinter
2025-12-14 14:51:00,300 - SchoolApp - INFO - __init__:830 - Запуск приложения SchoolApp.
2025-12-14 14:51:00,300 - SchoolApp - INFO - __init__:830 - Запуск приложения SchoolApp.
2025-12-14 14:51:00,301 - SchoolApp - DEBUG - __init__:831 - Инициализация основных атрибутов приложения
2025-12-14 14:51:00,301 - SchoolApp - DEBUG - __init__:831 - Инициализация основных атрибутов приложения
2025-12-14 14:51:00,301 - SchoolApp - DEBUG - __init__:849 - Инициализация менеджера данных
2025-12-14 14:51:00,301 - SchoolApp - DEBUG - __init__:849 - Инициализация менеджера данных
2025-12-14 14:51:00,609 - SchoolApp - DEBUG - __init__:852 - Настройка стилей интерфейса
2025-12-14 14:51:00,609 - SchoolApp - DEBUG - __init__:852 - Настройка стилей интерфейса
2025-12-14 14:51:00,610 - SchoolApp - DEBUG - __init__:855 - Настройка генератора отчетов
2025-12-14 14:51:00,610 - SchoolApp - DEBUG - __init__:855 - Настройка генератора отчетов
2025-12-14 14:51:00,610 - SchoolApp - DEBUG - __init__:858 - Создание верхней панели
2025-12-14 14:51:00,610 - SchoolApp - DEBUG - __init__:858 - Создание верхней панели
2025-12-14 14:51:00,741 - SchoolApp - DEBUG - __init__:861 - Создание панели управления
2025-12-14 14:51:00,741 - SchoolApp - DEBUG - __init__:861 - Создание панели управления
2025-12-14 14:51:00,753 - SchoolApp - DEBUG - __init__:864 - Создание фрейма для таблиц
2025-12-14 14:51:00,753 - SchoolApp - DEBUG - __init__:864 - Создание фрейма для таблиц
2025-12-14 14:51:00,753 - SchoolApp - DEBUG - __init__:868 - Создание таблицы учителей
2025-12-14 14:51:00,753 - SchoolApp - DEBUG - __init__:868 - Создание таблицы учителей
2025-12-14 14:51:00,759 - SchoolApp - DEBUG - __init__:871 - Создание таблицы учеников
2025-12-14 14:51:00,759 - SchoolApp - DEBUG - __init__:871 - Создание таблицы учеников
2025-12-14 14:51:00,769 - SchoolApp - DEBUG - __init__:874 - Создание таблицы оценок
2025-12-14 14:51:00,769 - SchoolApp - DEBUG - __init__:874 - Создание таблицы оценок
2025-12-14 14:51:00,835 - SchoolApp - DEBUG - __init__:877 - Отображение таблицы учителей по умолчанию
2025-12-14 14:51:00,835 - SchoolApp - DEBUG - __init__:877 - Отображение таблицы учителей по умолчанию
2025-12-14 14:51:00,835 - SchoolApp - INFO - __init__:880 - Приложение SchoolApp успешно инициализировано
2025-12-14 14:51:00,835 - SchoolApp - INFO - __init__:880 - Приложение SchoolApp успешно инициализировано
2025-12-14 14:51:00,836 - SchoolApp - INFO - <module>:2609 - Запуск главного цикла приложения
2025-12-14 14:51:00,836 - SchoolApp - INFO - <module>:2609 - Запуск главного цикла приложения
2025-12-14 14:51:05,250 - SchoolApp - INFO - <module>:2612 - Приложение завершено
2025-12-14 14:51:05,250 - SchoolApp - INFO - <module>:2612 - Приложение завершено
